<?xml version="1.0" encoding="UTF-8"?>
<!-- Generated by org.testng.reporters.JUnitReportReporter -->
<testsuite hostname="LAPTOP-B9E71293" failures="0" tests="1" name="PageOfModelImplement.LoginTestCase" time="5.926" errors="0" timestamp="2024-11-29T16:15:16 EST" skipped="0">
  <testcase classname="PageOfModelImplement.LoginTestCase" name="loginSetUp" time="5.926"/>
  <system-out/>
</testsuite> <!-- PageOfModelImplement.LoginTestCase -->
