<?xml version="1.0" encoding="UTF-8"?>
<!-- Generated by org.testng.reporters.JUnitReportReporter -->
<testsuite hostname="LAPTOP-B9E71293" failures="0" tests="1" name="PoMTestCases" time="1.367" errors="0" timestamp="2024-11-20T18:27:07 EST" skipped="0">
  <testcase classname="PoMTestCases" name="loginSetUp" time="1.367"/>
  <system-out/>
</testsuite> <!-- PoMTestCases -->
